<?xml version="1.0" encoding="UTF-8"?>
<!-- Generated by org.testng.reporters.JUnitReportReporter -->
<testsuite hostname="DESKTOP-C6OQV70" failures="0" tests="1" name="com.automationpractice.ecommerce.testCases.TestCase3LoginUserWithIncorrectEmailAndPassword" time="16.920" errors="0" timestamp="20 Dec 2022 12:54:41 GMT" skipped="0">
  <testcase classname="com.automationpractice.ecommerce.testCases.TestCase3LoginUserWithIncorrectEmailAndPassword" name="testCase3LoginUserWithIncorrectEmailAndPassword" time="16.920"/>
</testsuite> <!-- com.automationpractice.ecommerce.testCases.TestCase3LoginUserWithIncorrectEmailAndPassword -->
