<?xml version="1.0" encoding="UTF-8"?>
<!-- Generated by org.testng.reporters.JUnitReportReporter -->
<testsuite hostname="DESKTOP-C6OQV70" failures="0" tests="1" name="com.automationpractice.ecommerce.testCases.TestCase2LoginUserWithCorrectEmailAndPassword" time="31.853" errors="0" timestamp="20 Dec 2022 12:54:41 GMT" skipped="0">
  <testcase classname="com.automationpractice.ecommerce.testCases.TestCase2LoginUserWithCorrectEmailAndPassword" name="testCase2LoginUserWithCorrectEmailAndPassword" time="31.853"/>
</testsuite> <!-- com.automationpractice.ecommerce.testCases.TestCase2LoginUserWithCorrectEmailAndPassword -->
